1563847996006	mozrunner::runner	INFO	Running command: "/usr/bin/firefox" "-marionette" "-foreground" "-no-remote" "-profile" "/tmp/rust_mozprofilet3g3G9"
1563847996903	addons.webextension.screenshots@mozilla.org	WARN	Loading extension 'screenshots@mozilla.org': Reading manifest: Invalid extension permission: mozillaAddons
1563847996904	addons.webextension.screenshots@mozilla.org	WARN	Loading extension 'screenshots@mozilla.org': Reading manifest: Invalid extension permission: resource://pdf.js/
1563847996904	addons.webextension.screenshots@mozilla.org	WARN	Loading extension 'screenshots@mozilla.org': Reading manifest: Invalid extension permission: about:reader*
1563847998863	Marionette	INFO	Listening on port 34389
1563847998918	Marionette	WARN	TLS certificate errors will be ignored for this session
1563848004498	Marionette	INFO	Stopped listening on port 34389
[Parent 4305, Gecko_IOThread] WARNING: pipe error (69): Connection reset by peer: file /build/firefox-uLxwBc/firefox-66.0.4+linuxmint1+sylvia/ipc/chromium/src/chrome/common/ipc_channel_posix.cc, line 357
JavaScript error: resource://gre/modules/Sqlite.jsm, line 834: Error: Connection is not open.
1563850762920	mozrunner::runner	INFO	Running command: "/usr/bin/firefox" "-marionette" "-foreground" "-no-remote" "-profile" "/tmp/rust_mozprofileq2OpPx"
1563850763819	addons.webextension.screenshots@mozilla.org	WARN	Loading extension 'screenshots@mozilla.org': Reading manifest: Invalid extension permission: mozillaAddons
1563850763819	addons.webextension.screenshots@mozilla.org	WARN	Loading extension 'screenshots@mozilla.org': Reading manifest: Invalid extension permission: resource://pdf.js/
1563850763819	addons.webextension.screenshots@mozilla.org	WARN	Loading extension 'screenshots@mozilla.org': Reading manifest: Invalid extension permission: about:reader*
1563850765761	Marionette	INFO	Listening on port 39851
1563850765832	Marionette	WARN	TLS certificate errors will be ignored for this session
[Parent 11186, Gecko_IOThread] WARNING: pipe error (109): Connection reset by peer: file /build/firefox-uLxwBc/firefox-66.0.4+linuxmint1+sylvia/ipc/chromium/src/chrome/common/ipc_channel_posix.cc, line 357
[Parent 11186, Gecko_IOThread] WARNING: pipe error (69): Connection reset by peer: file /build/firefox-uLxwBc/firefox-66.0.4+linuxmint1+sylvia/ipc/chromium/src/chrome/common/ipc_channel_posix.cc, line 357
1563850775749	Marionette	INFO	Stopped listening on port 39851
1563851059946	mozrunner::runner	INFO	Running command: "/usr/bin/firefox" "-marionette" "-foreground" "-no-remote" "-profile" "/tmp/rust_mozprofile6YHewZ"
1563851060889	addons.webextension.screenshots@mozilla.org	WARN	Loading extension 'screenshots@mozilla.org': Reading manifest: Invalid extension permission: mozillaAddons
1563851060890	addons.webextension.screenshots@mozilla.org	WARN	Loading extension 'screenshots@mozilla.org': Reading manifest: Invalid extension permission: resource://pdf.js/
1563851060890	addons.webextension.screenshots@mozilla.org	WARN	Loading extension 'screenshots@mozilla.org': Reading manifest: Invalid extension permission: about:reader*
1563851062648	Marionette	INFO	Listening on port 35087
1563851062658	Marionette	WARN	TLS certificate errors will be ignored for this session
1563851085100	mozrunner::runner	INFO	Running command: "/usr/bin/firefox" "-marionette" "-foreground" "-no-remote" "-profile" "/tmp/rust_mozprofileibodtK"
1563851086041	addons.webextension.screenshots@mozilla.org	WARN	Loading extension 'screenshots@mozilla.org': Reading manifest: Invalid extension permission: mozillaAddons
1563851086041	addons.webextension.screenshots@mozilla.org	WARN	Loading extension 'screenshots@mozilla.org': Reading manifest: Invalid extension permission: resource://pdf.js/
1563851086041	addons.webextension.screenshots@mozilla.org	WARN	Loading extension 'screenshots@mozilla.org': Reading manifest: Invalid extension permission: about:reader*
1563851087924	Marionette	INFO	Listening on port 45881
1563851088013	Marionette	WARN	TLS certificate errors will be ignored for this session
1563851129601	mozrunner::runner	INFO	Running command: "/usr/bin/firefox" "-marionette" "-foreground" "-no-remote" "-profile" "/tmp/rust_mozprofilebFgnhM"
1563851130516	addons.webextension.screenshots@mozilla.org	WARN	Loading extension 'screenshots@mozilla.org': Reading manifest: Invalid extension permission: mozillaAddons
1563851130516	addons.webextension.screenshots@mozilla.org	WARN	Loading extension 'screenshots@mozilla.org': Reading manifest: Invalid extension permission: resource://pdf.js/
1563851130516	addons.webextension.screenshots@mozilla.org	WARN	Loading extension 'screenshots@mozilla.org': Reading manifest: Invalid extension permission: about:reader*
1563851132642	Marionette	INFO	Listening on port 44375
1563851132711	Marionette	WARN	TLS certificate errors will be ignored for this session
[Parent 12633, Gecko_IOThread] WARNING: pipe error (98): Connection reset by peer: file /build/firefox-uLxwBc/firefox-66.0.4+linuxmint1+sylvia/ipc/chromium/src/chrome/common/ipc_channel_posix.cc, line 357
[Parent 12633, Gecko_IOThread] WARNING: pipe error (69): Connection reset by peer: file /build/firefox-uLxwBc/firefox-66.0.4+linuxmint1+sylvia/ipc/chromium/src/chrome/common/ipc_channel_posix.cc, line 357
[Parent 12288, Gecko_IOThread] WARNING: pipe error (80): Connection reset by peer: file /build/firefox-uLxwBc/firefox-66.0.4+linuxmint1+sylvia/ipc/chromium/src/chrome/common/ipc_channel_posix.cc, line 357
[Parent 12288, Gecko_IOThread] WARNING: pipe error (69): Connection reset by peer: file /build/firefox-uLxwBc/firefox-66.0.4+linuxmint1+sylvia/ipc/chromium/src/chrome/common/ipc_channel_posix.cc, line 357
1563851137898	Marionette	INFO	Stopped listening on port 44375
1563851138047	Marionette	INFO	Stopped listening on port 45881
1563851139510	mozrunner::runner	INFO	Running command: "/usr/bin/firefox" "-marionette" "-foreground" "-no-remote" "-profile" "/tmp/rust_mozprofileaSv5GL"
1563851140382	addons.webextension.screenshots@mozilla.org	WARN	Loading extension 'screenshots@mozilla.org': Reading manifest: Invalid extension permission: mozillaAddons
1563851140382	addons.webextension.screenshots@mozilla.org	WARN	Loading extension 'screenshots@mozilla.org': Reading manifest: Invalid extension permission: resource://pdf.js/
1563851140382	addons.webextension.screenshots@mozilla.org	WARN	Loading extension 'screenshots@mozilla.org': Reading manifest: Invalid extension permission: about:reader*
1563851142575	Marionette	INFO	Listening on port 43595
1563851142622	Marionette	WARN	TLS certificate errors will be ignored for this session
1563851149616	Marionette	INFO	Stopped listening on port 43595
console.error: BroadcastService: 
  receivedBroadcastMessage: handler for
  remote-settings/monitor_changes
  threw error:
  Message: Error: Polling for changes failed: NetworkError when attempting to fetch resource..
  Stack:
    remoteSettingsFunction/remoteSettings.pollChanges@resource://services-settings/remote-settings.js:190:13

[Parent 11962, Gecko_IOThread] WARNING: pipe error (98): Connection reset by peer: file /build/firefox-uLxwBc/firefox-66.0.4+linuxmint1+sylvia/ipc/chromium/src/chrome/common/ipc_channel_posix.cc, line 357
[Parent 11962, Gecko_IOThread] WARNING: pipe error (69): Connection reset by peer: file /build/firefox-uLxwBc/firefox-66.0.4+linuxmint1+sylvia/ipc/chromium/src/chrome/common/ipc_channel_posix.cc, line 357
1563853807483	Marionette	INFO	Stopped listening on port 35087
